[2025-06-08 17:52:10] local.INFO: Pay Now clicked by user ID: 20  
[2025-06-08 17:52:10] local.INFO: Request data: {"_token":"seRd3e7G8ztOIbj0xdPXPlgExn6uGbTvSH6IOm7b","cust_name":"Felin","cust_phone_number":"08123456789","cust_address":"Denver Apartment","payment_method":"cash","pay_now":null} 
[2025-06-08 17:52:11] local.ERROR: Midtrans error: SQLSTATE[22003]: Numeric value out of range: 1690 BIGINT UNSIGNED value is out of range in '(`defaultdb`.`product_variant`.`stock` - NEW.quantity)' (Connection: mysql, SQL: insert into `order_details` (`order_id`, `product_id`, `product_variant_id`, `product_color_id`, `quantity`, `unit_price`, `updated_at`, `created_at`) values (27, 26, 962, 93, 1, 3889000, 2025-06-08 17:52:11, 2025-06-08 17:52:11))  
[2025-06-08 17:52:22] local.INFO: Pay Now clicked by user ID: 20  
[2025-06-08 17:52:22] local.INFO: Request data: {"_token":"seRd3e7G8ztOIbj0xdPXPlgExn6uGbTvSH6IOm7b","cust_name":"Felin","cust_phone_number":"08123456789","cust_address":"Denver Apartment","payment_method":"cash","pay_now":null} 
[2025-06-08 17:52:23] local.ERROR: Midtrans error: SQLSTATE[22003]: Numeric value out of range: 1690 BIGINT UNSIGNED value is out of range in '(`defaultdb`.`product_variant`.`stock` - NEW.quantity)' (Connection: mysql, SQL: insert into `order_details` (`order_id`, `product_id`, `product_variant_id`, `product_color_id`, `quantity`, `unit_price`, `updated_at`, `created_at`) values (28, 26, 962, 93, 1, 3889000, 2025-06-08 17:52:22, 2025-06-08 17:52:22))  
[2025-06-08 17:52:44] local.INFO: Pay Now clicked by user ID: 20  
[2025-06-08 17:52:44] local.INFO: Request data: {"_token":"seRd3e7G8ztOIbj0xdPXPlgExn6uGbTvSH6IOm7b","cust_name":"Felin","cust_phone_number":"08123456789","cust_address":"Denver Apartment","payment_method":"cash","pay_now":null} 
[2025-06-09 16:30:46] local.INFO: Pay Now clicked by user ID: 10  
[2025-06-09 16:30:46] local.INFO: Request data: {"_token":"SjeIVA2DxmsSxAspHygVpzIWoqojnLeH65gWBHnk","cust_name":"Michelle","cust_phone_number":"081234567899","cust_address":"Kokzo","payment_method":"cash","pay_now":null} 
[2025-06-09 16:30:46] local.ERROR: Midtrans error: SQLSTATE[22003]: Numeric value out of range: 1690 BIGINT UNSIGNED value is out of range in '(`defaultdb`.`product_variant`.`stock` - NEW.quantity)' (Connection: mysql, SQL: insert into `order_details` (`order_id`, `product_id`, `product_variant_id`, `product_color_id`, `quantity`, `unit_price`, `updated_at`, `created_at`) values (62, 29, 1073, 108, 1, 689000, 2025-06-09 16:30:46, 2025-06-09 16:30:46))  
[2025-06-09 16:31:32] local.INFO: Pay Now clicked by user ID: 10  
[2025-06-09 16:31:32] local.INFO: Request data: {"_token":"SjeIVA2DxmsSxAspHygVpzIWoqojnLeH65gWBHnk","cust_name":"Michelle","cust_phone_number":"081234567899","cust_address":"n","payment_method":"cash","pay_now":null} 
[2025-06-09 16:31:33] local.ERROR: Midtrans error: SQLSTATE[22003]: Numeric value out of range: 1690 BIGINT UNSIGNED value is out of range in '(`defaultdb`.`product_variant`.`stock` - NEW.quantity)' (Connection: mysql, SQL: insert into `order_details` (`order_id`, `product_id`, `product_variant_id`, `product_color_id`, `quantity`, `unit_price`, `updated_at`, `created_at`) values (63, 29, 1073, 108, 1, 689000, 2025-06-09 16:31:33, 2025-06-09 16:31:33))  
[2025-06-09 16:31:49] local.INFO: Pay Now clicked by user ID: 10  
[2025-06-09 16:31:49] local.INFO: Request data: {"_token":"SjeIVA2DxmsSxAspHygVpzIWoqojnLeH65gWBHnk","cust_name":"Michelle","cust_phone_number":"081234567899","cust_address":"kokok","payment_method":"cash","pay_now":null} 
[2025-06-09 16:31:50] local.ERROR: Midtrans error: SQLSTATE[22003]: Numeric value out of range: 1690 BIGINT UNSIGNED value is out of range in '(`defaultdb`.`product_variant`.`stock` - NEW.quantity)' (Connection: mysql, SQL: insert into `order_details` (`order_id`, `product_id`, `product_variant_id`, `product_color_id`, `quantity`, `unit_price`, `updated_at`, `created_at`) values (64, 29, 1073, 108, 1, 689000, 2025-06-09 16:31:50, 2025-06-09 16:31:50))  
[2025-06-09 16:34:30] local.INFO: Pay Now clicked by user ID: 10  
[2025-06-09 16:34:30] local.INFO: Request data: {"_token":"SjeIVA2DxmsSxAspHygVpzIWoqojnLeH65gWBHnk","cust_name":"Michelle","cust_phone_number":"081234567899","cust_address":"ko","payment_method":"cash","pay_now":null} 
[2025-06-09 16:35:27] local.INFO: Pay Now clicked by user ID: 10  
[2025-06-09 16:35:27] local.INFO: Request data: {"_token":"SjeIVA2DxmsSxAspHygVpzIWoqojnLeH65gWBHnk","cust_name":"Michelle","cust_phone_number":"081234567899","cust_address":"ko","payment_method":"cash","pay_now":null} 
[2025-06-09 16:36:23] local.INFO: Pay Now clicked by user ID: 10  
[2025-06-09 16:36:23] local.INFO: Request data: {"_token":"SjeIVA2DxmsSxAspHygVpzIWoqojnLeH65gWBHnk","cust_name":"Michelle","cust_phone_number":"081234567899","cust_address":"ko","payment_method":"cash","pay_now":null} 
[2025-06-09 16:38:12] local.ERROR: syntax error, unexpected variable "$cartItems" {"exception":"[object] (ParseError(code: 0): syntax error, unexpected variable \"$cartItems\" at C:\\Users\\Bernard\\Herd\\ALP-WebDev-5\\app\\Http\\Controllers\\CheckoutController.php:141)
[stacktrace]
#0 C:\\Users\\Bernard\\Herd\\ALP-WebDev-5\\vendor\\composer\\ClassLoader.php(427): {closure:Composer\\Autoload\\ClassLoader::initializeIncludeClosure():575}('C:\\\\Users\\\\Bernar...')
#1 [internal function]: Composer\\Autoload\\ClassLoader->loadClass('App\\\\Http\\\\Contro...')
#2 C:\\Users\\Bernard\\Herd\\ALP-WebDev-5\\vendor\\laravel\\framework\\src\\Illuminate\\Routing\\Route.php(1119): is_a('App\\\\Http\\\\Contro...', 'Illuminate\\\\Rout...', true)
#3 C:\\Users\\Bernard\\Herd\\ALP-WebDev-5\\vendor\\laravel\\framework\\src\\Illuminate\\Routing\\Route.php(1056): Illuminate\\Routing\\Route->controllerMiddleware()
#4 C:\\Users\\Bernard\\Herd\\ALP-WebDev-5\\vendor\\laravel\\framework\\src\\Illuminate\\Routing\\Router.php(820): Illuminate\\Routing\\Route->gatherMiddleware()
#5 C:\\Users\\Bernard\\Herd\\ALP-WebDev-5\\vendor\\laravel\\framework\\src\\Illuminate\\Routing\\Router.php(802): Illuminate\\Routing\\Router->gatherRouteMiddleware(Object(Illuminate\\Routing\\Route))
#6 C:\\Users\\Bernard\\Herd\\ALP-WebDev-5\\vendor\\laravel\\framework\\src\\Illuminate\\Routing\\Router.php(786): Illuminate\\Routing\\Router->runRouteWithinStack(Object(Illuminate\\Routing\\Route), Object(Illuminate\\Http\\Request))
#7 C:\\Users\\Bernard\\Herd\\ALP-WebDev-5\\vendor\\laravel\\framework\\src\\Illuminate\\Routing\\Router.php(750): Illuminate\\Routing\\Router->runRoute(Object(Illuminate\\Http\\Request), Object(Illuminate\\Routing\\Route))
#8 C:\\Users\\Bernard\\Herd\\ALP-WebDev-5\\vendor\\laravel\\framework\\src\\Illuminate\\Routing\\Router.php(739): Illuminate\\Routing\\Router->dispatchToRoute(Object(Illuminate\\Http\\Request))
#9 C:\\Users\\Bernard\\Herd\\ALP-WebDev-5\\vendor\\laravel\\framework\\src\\Illuminate\\Foundation\\Http\\Kernel.php(200): Illuminate\\Routing\\Router->dispatch(Object(Illuminate\\Http\\Request))
#10 C:\\Users\\Bernard\\Herd\\ALP-WebDev-5\\vendor\\laravel\\framework\\src\\Illuminate\\Pipeline\\Pipeline.php(169): Illuminate\\Foundation\\Http\\Kernel->{closure:Illuminate\\Foundation\\Http\\Kernel::dispatchToRouter():197}(Object(Illuminate\\Http\\Request))
#11 C:\\Users\\Bernard\\Herd\\ALP-WebDev-5\\vendor\\laravel\\framework\\src\\Illuminate\\Foundation\\Http\\Middleware\\TransformsRequest.php(21): Illuminate\\Pipeline\\Pipeline->{closure:Illuminate\\Pipeline\\Pipeline::prepareDestination():167}(Object(Illuminate\\Http\\Request))
#12 C:\\Users\\Bernard\\Herd\\ALP-WebDev-5\\vendor\\laravel\\framework\\src\\Illuminate\\Foundation\\Http\\Middleware\\ConvertEmptyStringsToNull.php(31): Illuminate\\Foundation\\Http\\Middleware\\TransformsRequest->handle(Object(Illuminate\\Http\\Request), Object(Closure))
#13 C:\\Users\\Bernard\\Herd\\ALP-WebDev-5\\vendor\\laravel\\framework\\src\\Illuminate\\Pipeline\\Pipeline.php(208): Illuminate\\Foundation\\Http\\Middleware\\ConvertEmptyStringsToNull->handle(Object(Illuminate\\Http\\Request), Object(Closure))
#14 C:\\Users\\Bernard\\Herd\\ALP-WebDev-5\\vendor\\laravel\\framework\\src\\Illuminate\\Foundation\\Http\\Middleware\\TransformsRequest.php(21): Illuminate\\Pipeline\\Pipeline->{closure:{closure:Illuminate\\Pipeline\\Pipeline::carry():183}:184}(Object(Illuminate\\Http\\Request))
#15 C:\\Users\\Bernard\\Herd\\ALP-WebDev-5\\vendor\\laravel\\framework\\src\\Illuminate\\Foundation\\Http\\Middleware\\TrimStrings.php(51): Illuminate\\Foundation\\Http\\Middleware\\TransformsRequest->handle(Object(Illuminate\\Http\\Request), Object(Closure))
#16 C:\\Users\\Bernard\\Herd\\ALP-WebDev-5\\vendor\\laravel\\framework\\src\\Illuminate\\Pipeline\\Pipeline.php(208): Illuminate\\Foundation\\Http\\Middleware\\TrimStrings->handle(Object(Illuminate\\Http\\Request), Object(Closure))
#17 C:\\Users\\Bernard\\Herd\\ALP-WebDev-5\\vendor\\laravel\\framework\\src\\Illuminate\\Http\\Middleware\\ValidatePostSize.php(27): Illuminate\\Pipeline\\Pipeline->{closure:{closure:Illuminate\\Pipeline\\Pipeline::carry():183}:184}(Object(Illuminate\\Http\\Request))
#18 C:\\Users\\Bernard\\Herd\\ALP-WebDev-5\\vendor\\laravel\\framework\\src\\Illuminate\\Pipeline\\Pipeline.php(208): Illuminate\\Http\\Middleware\\ValidatePostSize->handle(Object(Illuminate\\Http\\Request), Object(Closure))
#19 C:\\Users\\Bernard\\Herd\\ALP-WebDev-5\\vendor\\laravel\\framework\\src\\Illuminate\\Foundation\\Http\\Middleware\\PreventRequestsDuringMaintenance.php(109): Illuminate\\Pipeline\\Pipeline->{closure:{closure:Illuminate\\Pipeline\\Pipeline::carry():183}:184}(Object(Illuminate\\Http\\Request))
#20 C:\\Users\\Bernard\\Herd\\ALP-WebDev-5\\vendor\\laravel\\framework\\src\\Illuminate\\Pipeline\\Pipeline.php(208): Illuminate\\Foundation\\Http\\Middleware\\PreventRequestsDuringMaintenance->handle(Object(Illuminate\\Http\\Request), Object(Closure))
#21 C:\\Users\\Bernard\\Herd\\ALP-WebDev-5\\vendor\\laravel\\framework\\src\\Illuminate\\Http\\Middleware\\HandleCors.php(48): Illuminate\\Pipeline\\Pipeline->{closure:{closure:Illuminate\\Pipeline\\Pipeline::carry():183}:184}(Object(Illuminate\\Http\\Request))
#22 C:\\Users\\Bernard\\Herd\\ALP-WebDev-5\\vendor\\laravel\\framework\\src\\Illuminate\\Pipeline\\Pipeline.php(208): Illuminate\\Http\\Middleware\\HandleCors->handle(Object(Illuminate\\Http\\Request), Object(Closure))
#23 C:\\Users\\Bernard\\Herd\\ALP-WebDev-5\\vendor\\laravel\\framework\\src\\Illuminate\\Http\\Middleware\\TrustProxies.php(58): Illuminate\\Pipeline\\Pipeline->{closure:{closure:Illuminate\\Pipeline\\Pipeline::carry():183}:184}(Object(Illuminate\\Http\\Request))
#24 C:\\Users\\Bernard\\Herd\\ALP-WebDev-5\\vendor\\laravel\\framework\\src\\Illuminate\\Pipeline\\Pipeline.php(208): Illuminate\\Http\\Middleware\\TrustProxies->handle(Object(Illuminate\\Http\\Request), Object(Closure))
#25 C:\\Users\\Bernard\\Herd\\ALP-WebDev-5\\vendor\\laravel\\framework\\src\\Illuminate\\Foundation\\Http\\Middleware\\InvokeDeferredCallbacks.php(22): Illuminate\\Pipeline\\Pipeline->{closure:{closure:Illuminate\\Pipeline\\Pipeline::carry():183}:184}(Object(Illuminate\\Http\\Request))
#26 C:\\Users\\Bernard\\Herd\\ALP-WebDev-5\\vendor\\laravel\\framework\\src\\Illuminate\\Pipeline\\Pipeline.php(208): Illuminate\\Foundation\\Http\\Middleware\\InvokeDeferredCallbacks->handle(Object(Illuminate\\Http\\Request), Object(Closure))
#27 C:\\Users\\Bernard\\Herd\\ALP-WebDev-5\\vendor\\laravel\\framework\\src\\Illuminate\\Http\\Middleware\\ValidatePathEncoding.php(26): Illuminate\\Pipeline\\Pipeline->{closure:{closure:Illuminate\\Pipeline\\Pipeline::carry():183}:184}(Object(Illuminate\\Http\\Request))
#28 C:\\Users\\Bernard\\Herd\\ALP-WebDev-5\\vendor\\laravel\\framework\\src\\Illuminate\\Pipeline\\Pipeline.php(208): Illuminate\\Http\\Middleware\\ValidatePathEncoding->handle(Object(Illuminate\\Http\\Request), Object(Closure))
#29 C:\\Users\\Bernard\\Herd\\ALP-WebDev-5\\vendor\\laravel\\framework\\src\\Illuminate\\Pipeline\\Pipeline.php(126): Illuminate\\Pipeline\\Pipeline->{closure:{closure:Illuminate\\Pipeline\\Pipeline::carry():183}:184}(Object(Illuminate\\Http\\Request))
#30 C:\\Users\\Bernard\\Herd\\ALP-WebDev-5\\vendor\\laravel\\framework\\src\\Illuminate\\Foundation\\Http\\Kernel.php(175): Illuminate\\Pipeline\\Pipeline->then(Object(Closure))
#31 C:\\Users\\Bernard\\Herd\\ALP-WebDev-5\\vendor\\laravel\\framework\\src\\Illuminate\\Foundation\\Http\\Kernel.php(144): Illuminate\\Foundation\\Http\\Kernel->sendRequestThroughRouter(Object(Illuminate\\Http\\Request))
#32 C:\\Users\\Bernard\\Herd\\ALP-WebDev-5\\vendor\\laravel\\framework\\src\\Illuminate\\Foundation\\Application.php(1219): Illuminate\\Foundation\\Http\\Kernel->handle(Object(Illuminate\\Http\\Request))
#33 C:\\Users\\Bernard\\Herd\\ALP-WebDev-5\\public\\index.php(20): Illuminate\\Foundation\\Application->handleRequest(Object(Illuminate\\Http\\Request))
#34 C:\\Program Files\\Herd\\resources\\app.asar.unpacked\\resources\\valet\\server.php(139): require('C:\\\\Users\\\\Bernar...')
#35 {main}
"} 
[2025-06-09 16:38:35] local.INFO: Pay Now clicked by user ID: 10  
[2025-06-09 16:38:35] local.INFO: Request data: {"_token":"SjeIVA2DxmsSxAspHygVpzIWoqojnLeH65gWBHnk","cust_name":"Michelle","cust_phone_number":"081234567899","cust_address":"a","payment_method":"cash","pay_now":null} 
[2025-06-09 16:38:47] local.INFO: Pay Now clicked by user ID: 10  
[2025-06-09 16:38:47] local.INFO: Request data: {"_token":"SjeIVA2DxmsSxAspHygVpzIWoqojnLeH65gWBHnk","cust_name":"Michelle","cust_phone_number":"081234567899","cust_address":"a","payment_method":"cash","pay_now":null} 
